0 info it worked if it ends with ok
1 verbose cli [ '/usr/bin/node', '/usr/bin/npm', 'install', '-g', 'socket.io' ]
2 info using npm@1.4.9
3 info using node@v0.10.28
4 verbose node symlink /usr/bin/node
5 verbose cache add [ 'socket.io', null ]
6 verbose cache add name=undefined spec="socket.io" args=["socket.io",null]
7 verbose parsed url { protocol: null,
7 verbose parsed url   slashes: null,
7 verbose parsed url   auth: null,
7 verbose parsed url   host: null,
7 verbose parsed url   port: null,
7 verbose parsed url   hostname: null,
7 verbose parsed url   hash: null,
7 verbose parsed url   search: null,
7 verbose parsed url   query: null,
7 verbose parsed url   pathname: 'socket.io',
7 verbose parsed url   path: 'socket.io',
7 verbose parsed url   href: 'socket.io' }
8 silly lockFile 71475bfd-socket-io socket.io
9 verbose lock socket.io /home/arvind/.npm/71475bfd-socket-io.lock
10 silly lockFile 71475bfd-socket-io socket.io
11 silly lockFile 71475bfd-socket-io socket.io
12 verbose addNamed [ 'socket.io', '' ]
13 verbose addNamed [ null, '*' ]
14 silly lockFile c03de861-socket-io socket.io@
15 verbose lock socket.io@ /home/arvind/.npm/c03de861-socket-io.lock
16 silly addNameRange { name: 'socket.io', range: '*', hasData: false }
17 verbose url raw socket.io
18 verbose url resolving [ 'https://registry.npmjs.org/', './socket.io' ]
19 verbose url resolved https://registry.npmjs.org/socket.io
20 info trying registry request attempt 1 at 23:13:12
21 http GET https://registry.npmjs.org/socket.io
22 http 200 https://registry.npmjs.org/socket.io
23 silly registry.get cb [ 200,
23 silly registry.get   { date: 'Tue, 13 May 2014 17:43:13 GMT',
23 silly registry.get     server: 'CouchDB/1.5.0 (Erlang OTP/R14B04)',
23 silly registry.get     etag: '"1BD5YJX90U0HGK26ST4H4U42R"',
23 silly registry.get     'content-type': 'application/json',
23 silly registry.get     via: '1.1 varnish',
23 silly registry.get     'cache-control': 'max-age=1',
23 silly registry.get     'content-length': '80411',
23 silly registry.get     'accept-ranges': 'bytes',
23 silly registry.get     age: '6',
23 silly registry.get     'x-served-by': 'cache-v37-ASH, cache-sv60-SJC3',
23 silly registry.get     'x-cache': 'HIT, MISS',
23 silly registry.get     'x-cache-hits': '4, 0',
23 silly registry.get     'x-timer': 'S1400002993.442991734,VS0,VS36,VE36,VE220',
23 silly registry.get     vary: 'Accept',
23 silly registry.get     'keep-alive': 'timeout=10, max=50',
23 silly registry.get     connection: 'Keep-Alive' } ]
24 silly addNameRange number 2 { name: 'socket.io', range: '*', hasData: true }
25 silly addNameRange versions [ 'socket.io',
25 silly addNameRange   [ '0.3.8',
25 silly addNameRange     '0.4.0',
25 silly addNameRange     '0.4.1',
25 silly addNameRange     '0.5.1',
25 silly addNameRange     '0.5.3',
25 silly addNameRange     '0.6.0',
25 silly addNameRange     '0.6.1',
25 silly addNameRange     '0.6.3',
25 silly addNameRange     '0.6.4',
25 silly addNameRange     '0.6.5',
25 silly addNameRange     '0.6.6',
25 silly addNameRange     '0.6.7',
25 silly addNameRange     '0.6.8',
25 silly addNameRange     '0.6.9',
25 silly addNameRange     '0.6.10',
25 silly addNameRange     '0.6.11',
25 silly addNameRange     '0.6.12',
25 silly addNameRange     '0.6.14',
25 silly addNameRange     '0.6.15',
25 silly addNameRange     '0.6.16',
25 silly addNameRange     '0.6.17',
25 silly addNameRange     '0.6.18',
25 silly addNameRange     '0.7.0',
25 silly addNameRange     '0.7.1',
25 silly addNameRange     '0.7.2',
25 silly addNameRange     '0.7.3',
25 silly addNameRange     '0.7.4',
25 silly addNameRange     '0.7.5',
25 silly addNameRange     '0.7.6',
25 silly addNameRange     '0.7.7',
25 silly addNameRange     '0.7.8',
25 silly addNameRange     '0.7.9',
25 silly addNameRange     '0.7.10',
25 silly addNameRange     '0.7.11',
25 silly addNameRange     '0.8.0',
25 silly addNameRange     '0.8.1',
25 silly addNameRange     '0.8.2',
25 silly addNameRange     '0.8.3',
25 silly addNameRange     '0.8.4',
25 silly addNameRange     '0.8.5',
25 silly addNameRange     '0.8.6',
25 silly addNameRange     '0.8.7',
25 silly addNameRange     '0.9.0',
25 silly addNameRange     '0.9.1',
25 silly addNameRange     '0.9.1-1',
25 silly addNameRange     '0.9.2',
25 silly addNameRange     '0.9.3',
25 silly addNameRange     '0.9.4',
25 silly addNameRange     '0.9.5',
25 silly addNameRange     '0.9.6',
25 silly addNameRange     '0.9.7',
25 silly addNameRange     '0.9.8',
25 silly addNameRange     '0.9.9',
25 silly addNameRange     '0.9.10',
25 silly addNameRange     '0.9.11',
25 silly addNameRange     '0.9.12',
25 silly addNameRange     '0.9.13',
25 silly addNameRange     '0.9.14',
25 silly addNameRange     '0.9.15',
25 silly addNameRange     '0.9.16',
25 silly addNameRange     '1.0.0-pre',
25 silly addNameRange     '1.0.0-pre2' ] ]
26 verbose addNamed [ 'socket.io', '0.9.16' ]
27 verbose addNamed [ '0.9.16', '0.9.16' ]
28 silly lockFile a7acce22-socket-io-0-9-16 socket.io@0.9.16
29 verbose lock socket.io@0.9.16 /home/arvind/.npm/a7acce22-socket-io-0-9-16.lock
30 silly lockFile ca7568e4-g-socket-io-socket-io-0-9-16-tgz https://registry.npmjs.org/socket.io/-/socket.io-0.9.16.tgz
31 verbose lock https://registry.npmjs.org/socket.io/-/socket.io-0.9.16.tgz /home/arvind/.npm/ca7568e4-g-socket-io-socket-io-0-9-16-tgz.lock
32 verbose addRemoteTarball [ 'https://registry.npmjs.org/socket.io/-/socket.io-0.9.16.tgz',
32 verbose addRemoteTarball   '3bab0444e49b55fbbc157424dbd41aa375a51a76' ]
33 info retry fetch attempt 1 at 23:13:14
34 verbose fetch to= /home/arvind/tmp/npm-9312-asr25xbx/1400002994592-0.7521646535024047/tmp.tgz
35 http GET https://registry.npmjs.org/socket.io/-/socket.io-0.9.16.tgz
36 http 200 https://registry.npmjs.org/socket.io/-/socket.io-0.9.16.tgz
37 verbose tar unpack /home/arvind/tmp/npm-9312-asr25xbx/1400002994592-0.7521646535024047/tmp.tgz
38 silly lockFile 770e0672-ind-npm-socket-io-0-9-16-package tar:///home/arvind/.npm/socket.io/0.9.16/package
39 verbose lock tar:///home/arvind/.npm/socket.io/0.9.16/package /home/arvind/.npm/770e0672-ind-npm-socket-io-0-9-16-package.lock
40 silly lockFile fa6d0cc5-94592-0-7521646535024047-tmp-tgz tar:///home/arvind/tmp/npm-9312-asr25xbx/1400002994592-0.7521646535024047/tmp.tgz
41 verbose lock tar:///home/arvind/tmp/npm-9312-asr25xbx/1400002994592-0.7521646535024047/tmp.tgz /home/arvind/.npm/fa6d0cc5-94592-0-7521646535024047-tmp-tgz.lock
42 silly gunzTarPerm modes [ '755', '644' ]
43 silly gunzTarPerm extractEntry package.json
44 silly gunzTarPerm extractEntry .npmignore
45 silly gunzTarPerm extractEntry LICENSE
46 silly gunzTarPerm extractEntry index.js
47 silly gunzTarPerm extractEntry .travis.yml
48 silly gunzTarPerm extractEntry benchmarks/decode.bench.js
49 silly gunzTarPerm extractEntry benchmarks/encode.bench.js
50 silly gunzTarPerm extractEntry benchmarks/runner.js
51 silly gunzTarPerm extractEntry History.md
52 silly gunzTarPerm extractEntry lib/logger.js
53 silly gunzTarPerm extractEntry lib/namespace.js
54 silly gunzTarPerm extractEntry lib/parser.js
55 silly gunzTarPerm extractEntry lib/socket.io.js
56 silly gunzTarPerm extractEntry lib/socket.js
57 silly gunzTarPerm extractEntry lib/manager.js
58 silly gunzTarPerm extractEntry lib/store.js
59 silly gunzTarPerm extractEntry lib/transport.js
60 silly gunzTarPerm extractEntry lib/util.js
61 silly gunzTarPerm extractEntry lib/static.js
62 silly gunzTarPerm extractEntry lib/stores/memory.js
63 silly gunzTarPerm extractEntry lib/stores/redis.js
64 silly gunzTarPerm extractEntry lib/transports/flashsocket.js
65 silly gunzTarPerm extractEntry lib/transports/htmlfile.js
66 silly gunzTarPerm extractEntry lib/transports/http-polling.js
67 silly gunzTarPerm extractEntry lib/transports/http.js
68 silly gunzTarPerm extractEntry lib/transports/index.js
69 silly gunzTarPerm extractEntry lib/transports/jsonp-polling.js
70 silly gunzTarPerm extractEntry lib/transports/websocket.js
71 silly gunzTarPerm extractEntry lib/transports/xhr-polling.js
72 silly gunzTarPerm extractEntry lib/transports/websocket/default.js
73 silly gunzTarPerm extractEntry lib/transports/websocket/hybi-07-12.js
74 silly gunzTarPerm extractEntry lib/transports/websocket/hybi-16.js
75 silly gunzTarPerm extractEntry lib/transports/websocket/index.js
76 silly gunzTarPerm extractEntry Makefile
77 silly gunzTarPerm extractEntry Readme.md
78 silly lockFile 770e0672-ind-npm-socket-io-0-9-16-package tar:///home/arvind/.npm/socket.io/0.9.16/package
79 silly lockFile 770e0672-ind-npm-socket-io-0-9-16-package tar:///home/arvind/.npm/socket.io/0.9.16/package
80 silly lockFile fa6d0cc5-94592-0-7521646535024047-tmp-tgz tar:///home/arvind/tmp/npm-9312-asr25xbx/1400002994592-0.7521646535024047/tmp.tgz
81 silly lockFile fa6d0cc5-94592-0-7521646535024047-tmp-tgz tar:///home/arvind/tmp/npm-9312-asr25xbx/1400002994592-0.7521646535024047/tmp.tgz
82 silly lockFile ca7568e4-g-socket-io-socket-io-0-9-16-tgz https://registry.npmjs.org/socket.io/-/socket.io-0.9.16.tgz
83 silly lockFile ca7568e4-g-socket-io-socket-io-0-9-16-tgz https://registry.npmjs.org/socket.io/-/socket.io-0.9.16.tgz
84 silly lockFile a7acce22-socket-io-0-9-16 socket.io@0.9.16
85 silly lockFile a7acce22-socket-io-0-9-16 socket.io@0.9.16
86 silly lockFile c03de861-socket-io socket.io@
87 silly lockFile c03de861-socket-io socket.io@
88 silly resolved [ { name: 'socket.io',
88 silly resolved     version: '0.9.16',
88 silly resolved     description: 'Real-time apps made cross-browser & easy with a WebSocket-like API',
88 silly resolved     homepage: 'http://socket.io',
88 silly resolved     keywords: [ 'websocket', 'socket', 'realtime', 'socket.io', 'comet', 'ajax' ],
88 silly resolved     author: { name: 'Guillermo Rauch', email: 'guillermo@learnboost.com' },
88 silly resolved     contributors: [ [Object], [Object], [Object], [Object] ],
88 silly resolved     repository:
88 silly resolved      { type: 'git',
88 silly resolved        url: 'https://github.com/LearnBoost/socket.io.git' },
88 silly resolved     dependencies:
88 silly resolved      { 'socket.io-client': '0.9.16',
88 silly resolved        policyfile: '0.0.4',
88 silly resolved        base64id: '0.1.0',
88 silly resolved        redis: '0.7.3' },
88 silly resolved     devDependencies:
88 silly resolved      { expresso: '0.9.2',
88 silly resolved        should: '*',
88 silly resolved        benchmark: '0.2.2',
88 silly resolved        microtime: '0.1.3-1',
88 silly resolved        colors: '0.5.1' },
88 silly resolved     optionalDependencies: { redis: '0.7.3' },
88 silly resolved     main: 'index',
88 silly resolved     engines: { node: '>= 0.4.0' },
88 silly resolved     scripts: { test: 'make test' },
88 silly resolved     readme: '# Socket.IO\n\nSocket.IO is a Node.JS project that makes WebSockets and realtime possible in\nall browsers. It also enhances WebSockets by providing built-in multiplexing,\nhorizontal scalability, automatic JSON encoding/decoding, and more.\n\n## How to Install\n\n```bash\nnpm install socket.io\n```\n\n## How to use\n\nFirst, require `socket.io`:\n\n```js\nvar io = require(\'socket.io\');\n```\n\nNext, attach it to a HTTP/HTTPS server. If you\'re using the fantastic `express`\nweb framework:\n\n#### Express 3.x\n\n```js\nvar app = express()\n  , server = require(\'http\').createServer(app)\n  , io = io.listen(server);\n\nserver.listen(80);\n\nio.sockets.on(\'connection\', function (socket) {\n  socket.emit(\'news\', { hello: \'world\' });\n  socket.on(\'my other event\', function (data) {\n    console.log(data);\n  });\n});\n```\n\n#### Express 2.x\n\n```js\nvar app = express.createServer()\n  , io = io.listen(app);\n\napp.listen(80);\n\nio.sockets.on(\'connection\', function (socket) {\n  socket.emit(\'news\', { hello: \'world\' });\n  socket.on(\'my other event\', function (data) {\n    console.log(data);\n  });\n});\n```\n\nFinally, load it from the client side code:\n\n```html\n<script src="/socket.io/socket.io.js"></script>\n<script>\n  var socket = io.connect(\'http://localhost\');\n  socket.on(\'news\', function (data) {\n    console.log(data);\n    socket.emit(\'my other event\', { my: \'data\' });\n  });\n</script>\n```\n\nFor more thorough examples, look at the `examples/` directory.\n\n## Short recipes\n\n### Sending and receiving events.\n\nSocket.IO allows you to emit and receive custom events.\nBesides `connect`, `message` and `disconnect`, you can emit custom events:\n\n```js\n// note, io.listen(<port>) will create a http server for you\nvar io = require(\'socket.io\').listen(80);\n\nio.sockets.on(\'connection\', function (socket) {\n  io.sockets.emit(\'this\', { will: \'be received by everyone\' });\n\n  socket.on(\'private message\', function (from, msg) {\n    console.log(\'I received a private message by \', from, \' saying \', msg);\n  });\n\n  socket.on(\'disconnect\', function () {\n    io.sockets.emit(\'user disconnected\');\n  });\n});\n```\n\n### Storing data associated to a client\n\nSometimes it\'s necessary to store data associated with a client that\'s\nnecessary for the duration of the session.\n\n#### Server side\n\n```js\nvar io = require(\'socket.io\').listen(80);\n\nio.sockets.on(\'connection\', function (socket) {\n  socket.on(\'set nickname\', function (name) {\n    socket.set(\'nickname\', name, function () { socket.emit(\'ready\'); });\n  });\n\n  socket.on(\'msg\', function () {\n    socket.get(\'nickname\', function (err, name) {\n      console.log(\'Chat message by \', name);\n    });\n  });\n});\n```\n\n#### Client side\n\n```html\n<script>\n  var socket = io.connect(\'http://localhost\');\n\n  socket.on(\'connect\', function () {\n    socket.emit(\'set nickname\', prompt(\'What is your nickname?\'));\n    socket.on(\'ready\', function () {\n      console.log(\'Connected !\');\n      socket.emit(\'msg\', prompt(\'What is your message?\'));\n    });\n  });\n</script>\n```\n\n### Restricting yourself to a namespace\n\nIf you have control over all the messages and events emitted for a particular\napplication, using the default `/` namespace works.\n\nIf you want to leverage 3rd-party code, or produce code to share with others,\nsocket.io provides a way of namespacing a `socket`.\n\nThis has the benefit of `multiplexing` a single connection. Instead of\nsocket.io using two `WebSocket` connections, it\'ll use one.\n\nThe following example defines a socket that listens on \'/chat\' and one for\n\'/news\':\n\n#### Server side\n\n```js\nvar io = require(\'socket.io\').listen(80);\n\nvar chat = io\n  .of(\'/chat\')\n  .on(\'connection\', function (socket) {\n    socket.emit(\'a message\', { that: \'only\', \'/chat\': \'will get\' });\n    chat.emit(\'a message\', { everyone: \'in\', \'/chat\': \'will get\' });\n  });\n\nvar news = io\n  .of(\'/news\');\n  .on(\'connection\', function (socket) {\n    socket.emit(\'item\', { news: \'item\' });\n  });\n```\n\n#### Client side:\n\n```html\n<script>\n  var chat = io.connect(\'http://localhost/chat\')\n    , news = io.connect(\'http://localhost/news\');\n\n  chat.on(\'connect\', function () {\n    chat.emit(\'hi!\');\n  });\n\n  news.on(\'news\', function () {\n    news.emit(\'woot\');\n  });\n</script>\n```\n\n### Sending volatile messages.\n\nSometimes certain messages can be dropped. Let\'s say you have an app that\nshows realtime tweets for the keyword `bieber`. \n\nIf a certain client is not ready to receive messages (because of network slowness\nor other issues, or because he\'s connected through long polling and is in the\nmiddle of a request-response cycle), if he doesn\'t receive ALL the tweets related\nto bieber your application won\'t suffer.\n\nIn that case, you might want to send those messages as volatile messages.\n\n#### Server side\n\n```js\nvar io = require(\'socket.io\').listen(80);\n\nio.sockets.on(\'connection\', function (socket) {\n  var tweets = setInterval(function () {\n    getBieberTweet(function (tweet) {\n      socket.volatile.emit(\'bieber tweet\', tweet);\n    });\n  }, 100);\n\n  socket.on(\'disconnect\', function () {\n    clearInterval(tweets);\n  });\n});\n```\n\n#### Client side\n\nIn the client side, messages are received the same way whether they\'re volatile\nor not.\n\n### Getting acknowledgements\n\nSometimes, you might want to get a callback when the client confirmed the message\nreception.\n\nTo do this, simply pass a function as the last parameter of `.send` or `.emit`.\nWhat\'s more, when you use `.emit`, the acknowledgement is done by you, which\nmeans you can also pass data along:\n\n#### Server side\n\n```js\nvar io = require(\'socket.io\').listen(80);\n\nio.sockets.on(\'connection\', function (socket) {\n  socket.on(\'ferret\', function (name, fn) {\n    fn(\'woot\');\n  });\n});\n```\n\n#### Client side\n\n```html\n<script>\n  var socket = io.connect(); // TIP: .connect with no args does auto-discovery\n  socket.on(\'connect\', function () { // TIP: you can avoid listening on `connect` and listen on events directly too!\n    socket.emit(\'ferret\', \'tobi\', function (data) {\n      console.log(data); // data will be \'woot\'\n    });\n  });\n</script>\n```\n\n### Broadcasting messages\n\nTo broadcast, simply add a `broadcast` flag to `emit` and `send` method calls.\nBroadcasting means sending a message to everyone else except for the socket\nthat starts it.\n\n#### Server side\n\n```js\nvar io = require(\'socket.io\').listen(80);\n\nio.sockets.on(\'connection\', function (socket) {\n  socket.broadcast.emit(\'user connected\');\n  socket.broadcast.json.send({ a: \'message\' });\n});\n```\n\n### Rooms\n\nSometimes you want to put certain sockets in the same room, so that it\'s easy\nto broadcast to all of them together.\n\nThink of this as built-in channels for sockets. Sockets `join` and `leave`\nrooms in each socket.\n\n#### Server side\n\n```js\nvar io = require(\'socket.io\').listen(80);\n\nio.sockets.on(\'connection\', function (socket) {\n  socket.join(\'justin bieber fans\');\n  socket.broadcast.to(\'justin bieber fans\').emit(\'new fan\');\n  io.sockets.in(\'rammstein fans\').emit(\'new non-fan\');\n});\n```\n\n### Using it just as a cross-browser WebSocket\n\nIf you just want the WebSocket semantics, you can do that too.\nSimply leverage `send` and listen on the `message` event:\n\n#### Server side\n\n```js\nvar io = require(\'socket.io\').listen(80);\n\nio.sockets.on(\'connection\', function (socket) {\n  socket.on(\'message\', function () { });\n  socket.on(\'disconnect\', function () { });\n});\n```\n\n#### Client side\n\n```html\n<script>\n  var socket = io.connect(\'http://localhost/\');\n  socket.on(\'connect\', function () {\n    socket.send(\'hi\');\n\n    socket.on(\'message\', function (msg) {\n      // my msg\n    });\n  });\n</script>\n```\n\n### Changing configuration\n\nConfiguration in socket.io is TJ-style:\n\n#### Server side\n\n```js\nvar io = require(\'socket.io\').listen(80);\n\nio.configure(function () {\n  io.set(\'transports\', [\'websocket\', \'flashsocket\', \'xhr-polling\']);\n});\n\nio.configure(\'development\', function () {\n  io.set(\'transports\', [\'websocket\', \'xhr-polling\']);\n  io.enable(\'log\');\n});\n```\n\n## License \n\n(The MIT License)\n\nCopyright (c) 2011 Guillermo Rauch &lt;guillermo@learnboost.com&gt;\n\nPermission is hereby granted, free of charge, to any person obtaining\na copy of this software and associated documentation files (the\n\'Software\'), to deal in the Software without restriction, including\nwithout limitation the rights to use, copy, modify, merge, publish,\ndistribute, sublicense, and/or sell copies of the Software, and to\npermit persons to whom the Software is furnished to do so, subject to\nthe following conditions:\n\nThe above copyright notice and this permission notice shall be\nincluded in all copies or substantial portions of the Software.\n\nTHE SOFTWARE IS PROVIDED \'AS IS\', WITHOUT WARRANTY OF ANY KIND,\nEXPRESS OR IMPLIED, INCLUDING BUT NOT LIMITED TO THE WARRANTIES OF\nMERCHANTABILITY, FITNESS FOR A PARTICULAR PURPOSE AND NONINFRINGEMENT.\nIN NO EVENT SHALL THE AUTHORS OR COPYRIGHT HOLDERS BE LIABLE FOR ANY\nCLAIM, DAMAGES OR OTHER LIABILITY, WHETHER IN AN ACTION OF CONTRACT,\nTORT OR OTHERWISE, ARISING FROM, OUT OF OR IN CONNECTION WITH THE\nSOFTWARE OR THE USE OR OTHER DEALINGS IN THE SOFTWARE.\n',
88 silly resolved     readmeFilename: 'Readme.md',
88 silly resolved     bugs: { url: 'https://github.com/LearnBoost/socket.io/issues' },
88 silly resolved     _id: 'socket.io@0.9.16',
88 silly resolved     _shasum: '3bab0444e49b55fbbc157424dbd41aa375a51a76',
88 silly resolved     _from: 'socket.io@',
88 silly resolved     _resolved: 'https://registry.npmjs.org/socket.io/-/socket.io-0.9.16.tgz' } ]
89 info install socket.io@0.9.16 into /usr/lib
90 info installOne socket.io@0.9.16
91 info /usr/lib/node_modules/socket.io unbuild
92 verbose tar unpack /home/arvind/.npm/socket.io/0.9.16/package.tgz
93 silly lockFile f74c53eb-r-usr-lib-node-modules-socket-io tar:///usr/lib/node_modules/socket.io
94 verbose lock tar:///usr/lib/node_modules/socket.io /home/arvind/.npm/f74c53eb-r-usr-lib-node-modules-socket-io.lock
95 silly lockFile f47993b0-npm-socket-io-0-9-16-package-tgz tar:///home/arvind/.npm/socket.io/0.9.16/package.tgz
96 verbose lock tar:///home/arvind/.npm/socket.io/0.9.16/package.tgz /home/arvind/.npm/f47993b0-npm-socket-io-0-9-16-package-tgz.lock
97 silly gunzTarPerm modes [ '755', '644' ]
98 error Error: EACCES, mkdir '/usr/lib/node_modules/socket.io'
98 error  { [Error: EACCES, mkdir '/usr/lib/node_modules/socket.io']
98 error   errno: 3,
98 error   code: 'EACCES',
98 error   path: '/usr/lib/node_modules/socket.io',
98 error   fstream_type: 'Directory',
98 error   fstream_path: '/usr/lib/node_modules/socket.io',
98 error   fstream_class: 'DirWriter',
98 error   fstream_stack:
98 error    [ '/usr/lib/node_modules/npm/node_modules/fstream/lib/dir-writer.js:36:23',
98 error      '/usr/lib/node_modules/npm/node_modules/mkdirp/index.js:37:53',
98 error      'Object.oncomplete (fs.js:107:15)' ] }
99 error Please try running this command again as root/Administrator.
100 error System Linux 3.13.0-24-generic
101 error command "/usr/bin/node" "/usr/bin/npm" "install" "-g" "socket.io"
102 error cwd /home/arvind/Hyena/Hyena
103 error node -v v0.10.28
104 error npm -v 1.4.9
105 error path /usr/lib/node_modules/socket.io
106 error fstream_path /usr/lib/node_modules/socket.io
107 error fstream_type Directory
108 error fstream_class DirWriter
109 error code EACCES
110 error errno 3
111 error stack Error: EACCES, mkdir '/usr/lib/node_modules/socket.io'
112 error fstream_stack /usr/lib/node_modules/npm/node_modules/fstream/lib/dir-writer.js:36:23
112 error fstream_stack /usr/lib/node_modules/npm/node_modules/mkdirp/index.js:37:53
112 error fstream_stack Object.oncomplete (fs.js:107:15)
113 verbose exit [ 3, true ]
